2024-08-25T09:33:03.603Z [info]: Handler log: getting exployee details API
2024-08-25T09:33:06.086Z [info]: Service Log: get employee details API
2024-08-25T09:33:06.087Z [info]: Converter Log: transforming employee data
2024-08-25T09:33:06.089Z [info]: Service Log: Transform Data successfull
2024-08-25T09:33:20.047Z [info]: Service client Log: getting employee details
2024-08-25T09:33:24.769Z [info]: REST Client log: Get employee details API
2024-08-25T09:33:37.188Z [info]: REST Client Log: success getting employee details
2024-08-25T09:34:11.076Z [info]: Service client Log: successfully got employee details
2024-08-25T09:34:12.723Z [info]: Service Log: succesfully got employee details
2024-08-25T09:34:14.822Z [info]: Converter Log: Converting employee response data 
2024-08-25T09:34:16.269Z [info]: Service Log: successfully converted response
2024-08-25T09:34:18.594Z [info]: Handler Log: Success getting employee details
2024-08-25T09:35:46.668Z [info]: Handler log: getting exployee details API
2024-08-25T09:35:47.811Z [info]: Service Log: get employee details API
2024-08-25T09:35:47.813Z [info]: Converter Log: transforming employee data
2024-08-25T09:35:47.814Z [info]: Service Log: Transform Data successfull
2024-08-25T09:35:49.591Z [info]: Service client Log: getting employee details
2024-08-25T09:35:50.600Z [info]: REST Client log: Get employee details API
2024-08-25T09:44:34.907Z [info]: REST Client Log: success getting employee details
2024-08-25T09:44:55.206Z [info]: Service client Log: successfully got employee details
2024-08-25T09:44:55.207Z [info]: Service Log: succesfully got employee details
2024-08-25T09:44:55.208Z [info]: Converter Log: Converting employee response data 
2024-08-25T09:44:55.209Z [info]: Service Log: successfully converted response
2024-08-25T09:44:55.210Z [info]: Handler Log: Success getting employee details
2024-08-25T09:45:39.643Z [info]: Handler log: getting exployee details API
2024-08-25T09:45:40.611Z [info]: Service Log: get employee details API
2024-08-25T09:45:40.612Z [info]: Converter Log: transforming employee data
2024-08-25T09:45:40.613Z [info]: Service Log: Transform Data successfull
2024-08-25T09:45:42.484Z [info]: Service client Log: getting employee details
2024-08-25T09:45:44.063Z [info]: REST Client log: Get employee details API
2024-08-25T09:45:46.407Z [info]: REST Client Log: success getting employee details
2024-08-25T09:46:04.759Z [info]: Service client Log: successfully got employee details
2024-08-25T09:46:04.760Z [info]: Service Log: succesfully got employee details
2024-08-25T09:46:04.761Z [info]: Converter Log: Converting employee response data 
2024-08-25T09:46:04.761Z [info]: Service Log: successfully converted response
2024-08-25T09:46:04.762Z [info]: Handler Log: Success getting employee details
2024-08-25T09:46:17.387Z [info]: Handler log: getting exployee details API
2024-08-25T09:46:17.391Z [info]: Service Log: get employee details API
2024-08-25T09:46:17.392Z [info]: Converter Log: transforming employee data
2024-08-25T09:46:17.392Z [info]: Service Log: Transform Data successfull
2024-08-25T09:46:17.393Z [info]: Service client Log: getting employee details
2024-08-25T09:46:17.394Z [info]: REST Client log: Get employee details API
2024-08-25T09:46:18.620Z [error]: REST Client Log: error getting employee details
2024-08-25T09:46:18.622Z [error]: Service Client Log: error getting employee details
2024-08-25T09:46:18.623Z [error]: Service Log: error getting employee data
2024-08-25T09:46:18.624Z [error]: Handler Log: error getting employee details, with code: undefined, message: Error in business logic execution
